[2021-03-27 14:10:01 +0900] [18295] [INFO] Starting gunicorn 20.1.0
[2021-03-27 14:10:01 +0900] [18295] [INFO] Listening at: http://0.0.0.0:80 (18295)
[2021-03-27 14:10:01 +0900] [18295] [INFO] Using worker: sync
[2021-03-27 14:10:01 +0900] [18297] [INFO] Booting worker with pid: 18297
[2021-03-27 14:12:26 +0900] [18295] [CRITICAL] WORKER TIMEOUT (pid:18297)
[2021-03-27 14:12:26 +0900] [18297] [INFO] Worker exiting (pid: 18297)
[2021-03-27 14:12:26 +0900] [18325] [INFO] Booting worker with pid: 18325
[2021-03-27 14:18:09 +0900] [18295] [CRITICAL] WORKER TIMEOUT (pid:18325)
[2021-03-27 14:18:09 +0900] [18325] [INFO] Worker exiting (pid: 18325)
[2021-03-27 14:18:09 +0900] [18358] [INFO] Booting worker with pid: 18358
[2021-03-27 14:24:22 +0900] [18295] [CRITICAL] WORKER TIMEOUT (pid:18358)
[2021-03-27 14:24:22 +0900] [18358] [INFO] Worker exiting (pid: 18358)
[2021-03-27 14:24:22 +0900] [18398] [INFO] Booting worker with pid: 18398
[2021-03-27 14:33:18 +0900] [18295] [CRITICAL] WORKER TIMEOUT (pid:18398)
[2021-03-27 14:33:18 +0900] [18398] [INFO] Worker exiting (pid: 18398)
[2021-03-27 14:33:18 +0900] [18441] [INFO] Booting worker with pid: 18441
[2021-03-27 14:33:50 +0900] [18295] [CRITICAL] WORKER TIMEOUT (pid:18441)
[2021-03-27 14:33:50 +0900] [18441] [INFO] Worker exiting (pid: 18441)
[2021-03-27 14:33:50 +0900] [18444] [INFO] Booting worker with pid: 18444
[2021-03-27 16:00:42 +0900] [18295] [CRITICAL] WORKER TIMEOUT (pid:18444)
[2021-03-27 16:00:42 +0900] [18444] [INFO] Worker exiting (pid: 18444)
[2021-03-27 16:00:42 +0900] [19291] [INFO] Booting worker with pid: 19291
[2021-03-27 16:15:49 +0900] [18295] [CRITICAL] WORKER TIMEOUT (pid:19291)
[2021-03-27 16:15:49 +0900] [19291] [INFO] Worker exiting (pid: 19291)
[2021-03-27 16:15:49 +0900] [19360] [INFO] Booting worker with pid: 19360
[2021-03-27 16:52:58 +0900] [18295] [CRITICAL] WORKER TIMEOUT (pid:19360)
[2021-03-27 16:52:58 +0900] [19360] [INFO] Worker exiting (pid: 19360)
[2021-03-27 16:52:58 +0900] [19532] [INFO] Booting worker with pid: 19532
[2021-03-27 16:53:34 +0900] [18295] [CRITICAL] WORKER TIMEOUT (pid:19532)
[2021-03-27 16:53:34 +0900] [19532] [INFO] Worker exiting (pid: 19532)
[2021-03-27 16:53:34 +0900] [19545] [INFO] Booting worker with pid: 19545
[2021-03-27 16:54:15 +0900] [18295] [CRITICAL] WORKER TIMEOUT (pid:19545)
[2021-03-27 16:54:15 +0900] [19545] [INFO] Worker exiting (pid: 19545)
[2021-03-27 16:54:15 +0900] [19553] [INFO] Booting worker with pid: 19553
[2021-03-27 16:54:57 +0900] [18295] [CRITICAL] WORKER TIMEOUT (pid:19553)
[2021-03-27 16:54:57 +0900] [19553] [INFO] Worker exiting (pid: 19553)
[2021-03-27 16:54:57 +0900] [19561] [INFO] Booting worker with pid: 19561
[2021-03-27 18:24:39 +0900] [18295] [INFO] Handling signal: hup
[2021-03-27 18:24:39 +0900] [18295] [INFO] Hang up: Master
[2021-03-27 18:24:39 +0900] [18295] [WARNING] Worker with pid 19561 was terminated due to signal 1
[2021-03-27 18:24:39 +0900] [20105] [INFO] Booting worker with pid: 20105
[2021-03-27 18:49:47 +0900] [18295] [CRITICAL] WORKER TIMEOUT (pid:20105)
[2021-03-27 18:49:47 +0900] [20105] [INFO] Worker exiting (pid: 20105)
[2021-03-27 18:49:47 +0900] [20269] [INFO] Booting worker with pid: 20269
[2021-03-27 18:51:01 +0900] [18295] [CRITICAL] WORKER TIMEOUT (pid:20269)
[2021-03-27 18:51:01 +0900] [20269] [INFO] Worker exiting (pid: 20269)
[2021-03-27 18:51:01 +0900] [20280] [INFO] Booting worker with pid: 20280
[2021-03-27 18:52:49 +0900] [18295] [CRITICAL] WORKER TIMEOUT (pid:20280)
[2021-03-27 18:52:49 +0900] [20280] [INFO] Worker exiting (pid: 20280)
[2021-03-27 18:52:49 +0900] [20294] [INFO] Booting worker with pid: 20294
[2021-03-27 18:53:26 +0900] [18295] [CRITICAL] WORKER TIMEOUT (pid:20294)
[2021-03-27 18:53:26 +0900] [20294] [INFO] Worker exiting (pid: 20294)
[2021-03-27 18:53:26 +0900] [20305] [INFO] Booting worker with pid: 20305
[2021-03-27 18:58:15 +0900] [20305] [INFO] Worker exiting (pid: 20305)
[2021-03-27 18:58:15 +0900] [18295] [INFO] Handling signal: term
[2021-03-27 18:58:15 +0900] [18295] [INFO] Shutting down: Master
